==66263== Memcheck, a memory error detector
==66263== Copyright (C) 2002-2022, and GNU GPL'd, by Julian Seward et al.
==66263== Using Valgrind-3.22.0 and LibVEX; rerun with -h for copyright info
==66263== Command: ./minishell
==66263== Parent PID: 26218
==66263== 
==66263== 
==66263== HEAP SUMMARY:
==66263==     in use at exit: 232,836 bytes in 237 blocks
==66263==   total heap usage: 648 allocs, 411 frees, 273,792 bytes allocated
==66263== 
==66263== 24 bytes in 3 blocks are definitely lost in loss record 15 of 75
==66263==    at 0x4846828: malloc (in /usr/libexec/valgrind/vgpreload_memcheck-amd64-linux.so)
==66263==    by 0x10C1ED: ft_calloc (in /home/alusnia/student_life/r03/minishell/minihell/minishell)
==66263==    by 0x10B9C5: executor (executor.c:135)
==66263==    by 0x109764: main (minishell.c:80)
==66263== 
==66263== LEAK SUMMARY:
==66263==    definitely lost: 24 bytes in 3 blocks
==66263==    indirectly lost: 0 bytes in 0 blocks
==66263==      possibly lost: 0 bytes in 0 blocks
==66263==    still reachable: 0 bytes in 0 blocks
==66263==         suppressed: 232,812 bytes in 234 blocks
==66263== 
==66263== For lists of detected and suppressed errors, rerun with: -s
==66263== ERROR SUMMARY: 1 errors from 1 contexts (suppressed: 0 from 0)
